{"/home/dan/Desktop/projects/recipe/src/functions/extractText.js": {"path":"/home/dan/Desktop/projects/recipe/src/functions/extractText.js","statementMap":{"0":{"start":{"line":5,"column":4},"end":{"line":5,"column":102}},"1":{"start":{"line":6,"column":4},"end":{"line":6,"column":85}},"2":{"start":{"line":6,"column":60},"end":{"line":6,"column":84}},"3":{"start":{"line":7,"column":4},"end":{"line":7,"column":62}},"4":{"start":{"line":9,"column":4},"end":{"line":9,"column":97}},"5":{"start":{"line":10,"column":4},"end":{"line":10,"column":103}},"6":{"start":{"line":12,"column":4},"end":{"line":14,"column":5}},"7":{"start":{"line":13,"column":8},"end":{"line":13,"column":36}},"8":{"start":{"line":16,"column":4},"end":{"line":16,"column":21}},"9":{"start":{"line":18,"column":28},"end":{"line":18,"column":34}},"10":{"start":{"line":20,"column":4},"end":{"line":25,"column":5}},"11":{"start":{"line":21,"column":8},"end":{"line":24,"column":9}},"12":{"start":{"line":23,"column":12},"end":{"line":23,"column":45}},"13":{"start":{"line":26,"column":4},"end":{"line":26,"column":43}},"14":{"start":{"line":27,"column":4},"end":{"line":27,"column":22}},"15":{"start":{"line":29,"column":0},"end":{"line":29,"column":34}}},"fnMap":{"0":{"name":"extractText","decl":{"start":{"line":1,"column":9},"end":{"line":1,"column":20}},"loc":{"start":{"line":1,"column":27},"end":{"line":28,"column":1}},"line":1},"1":{"name":"(anonymous_1)","decl":{"start":{"line":6,"column":51},"end":{"line":6,"column":52}},"loc":{"start":{"line":6,"column":60},"end":{"line":6,"column":84}},"line":6}},"branchMap":{"0":{"loc":{"start":{"line":12,"column":4},"end":{"line":14,"column":5}},"type":"if","locations":[{"start":{"line":12,"column":4},"end":{"line":14,"column":5}},{"start":{"line":12,"column":4},"end":{"line":14,"column":5}}],"line":12},"1":{"loc":{"start":{"line":21,"column":8},"end":{"line":24,"column":9}},"type":"if","locations":[{"start":{"line":21,"column":8},"end":{"line":24,"column":9}},{"start":{"line":21,"column":8},"end":{"line":24,"column":9}}],"line":21}},"s":{"0":2,"1":2,"2":10,"3":2,"4":2,"5":2,"6":2,"7":0,"8":2,"9":2,"10":2,"11":72,"12":72,"13":2,"14":2,"15":2},"f":{"0":2,"1":10},"b":{"0":[0,2],"1":[72,0]},"_coverageSchema":"1a1c01bbd47fc00a2c39e90264f33305004495a9","hash":"373d5e55f4f6536dde6a80fd37b02a2cf073931c"}
,"/home/dan/Desktop/projects/recipe/src/functions/generateFullUrl.js": {"path":"/home/dan/Desktop/projects/recipe/src/functions/generateFullUrl.js","statementMap":{"0":{"start":{"line":2,"column":22},"end":{"line":2,"column":54}},"1":{"start":{"line":4,"column":4},"end":{"line":4,"column":42}},"2":{"start":{"line":4,"column":23},"end":{"line":4,"column":40}},"3":{"start":{"line":6,"column":4},"end":{"line":10,"column":5}},"4":{"start":{"line":7,"column":8},"end":{"line":7,"column":29}},"5":{"start":{"line":8,"column":8},"end":{"line":8,"column":45}},"6":{"start":{"line":9,"column":8},"end":{"line":9,"column":25}},"7":{"start":{"line":11,"column":4},"end":{"line":11,"column":21}},"8":{"start":{"line":12,"column":4},"end":{"line":14,"column":5}},"9":{"start":{"line":13,"column":8},"end":{"line":13,"column":19}},"10":{"start":{"line":17,"column":0},"end":{"line":17,"column":42}}},"fnMap":{"0":{"name":"generateFullUrl","decl":{"start":{"line":1,"column":9},"end":{"line":1,"column":24}},"loc":{"start":{"line":1,"column":36},"end":{"line":15,"column":1}},"line":1}},"branchMap":{"0":{"loc":{"start":{"line":4,"column":4},"end":{"line":4,"column":42}},"type":"if","locations":[{"start":{"line":4,"column":4},"end":{"line":4,"column":42}},{"start":{"line":4,"column":4},"end":{"line":4,"column":42}}],"line":4},"1":{"loc":{"start":{"line":6,"column":4},"end":{"line":10,"column":5}},"type":"if","locations":[{"start":{"line":6,"column":4},"end":{"line":10,"column":5}},{"start":{"line":6,"column":4},"end":{"line":10,"column":5}}],"line":6},"2":{"loc":{"start":{"line":12,"column":4},"end":{"line":14,"column":5}},"type":"if","locations":[{"start":{"line":12,"column":4},"end":{"line":14,"column":5}},{"start":{"line":12,"column":4},"end":{"line":14,"column":5}}],"line":12}},"s":{"0":5,"1":5,"2":2,"3":5,"4":1,"5":1,"6":1,"7":5,"8":5,"9":5,"10":3},"f":{"0":5},"b":{"0":[2,3],"1":[1,4],"2":[5,0]},"_coverageSchema":"1a1c01bbd47fc00a2c39e90264f33305004495a9","hash":"929f7b09afba96cf7020d264b12042317ade508d"}
,"/home/dan/Desktop/projects/recipe/src/functions/generatePageText.js": {"path":"/home/dan/Desktop/projects/recipe/src/functions/generatePageText.js","statementMap":{"0":{"start":{"line":2,"column":4},"end":{"line":2,"column":30}},"1":{"start":{"line":5,"column":0},"end":{"line":5,"column":44}}},"fnMap":{"0":{"name":"generatePageText","decl":{"start":{"line":1,"column":9},"end":{"line":1,"column":25}},"loc":{"start":{"line":1,"column":45},"end":{"line":4,"column":1}},"line":1}},"branchMap":{},"s":{"0":2,"1":2},"f":{"0":2},"b":{},"_coverageSchema":"1a1c01bbd47fc00a2c39e90264f33305004495a9","hash":"35677460bcb21c46c9d643cab0e454e2b52b4959"}
,"/home/dan/Desktop/projects/recipe/src/functions/getPrintElement.js": {"path":"/home/dan/Desktop/projects/recipe/src/functions/getPrintElement.js","statementMap":{"0":{"start":{"line":7,"column":24},"end":{"line":13,"column":5}},"1":{"start":{"line":16,"column":4},"end":{"line":24,"column":5}},"2":{"start":{"line":17,"column":8},"end":{"line":23,"column":9}},"3":{"start":{"line":26,"column":4},"end":{"line":34,"column":5}},"4":{"start":{"line":27,"column":8},"end":{"line":33,"column":9}},"5":{"start":{"line":35,"column":4},"end":{"line":35,"column":30}},"6":{"start":{"line":36,"column":4},"end":{"line":36,"column":24}},"7":{"start":{"line":39,"column":0},"end":{"line":39,"column":42}}},"fnMap":{"0":{"name":"getPrintElement","decl":{"start":{"line":1,"column":9},"end":{"line":1,"column":24}},"loc":{"start":{"line":1,"column":31},"end":{"line":37,"column":1}},"line":1}},"branchMap":{"0":{"loc":{"start":{"line":16,"column":4},"end":{"line":24,"column":5}},"type":"if","locations":[{"start":{"line":16,"column":4},"end":{"line":24,"column":5}},{"start":{"line":16,"column":4},"end":{"line":24,"column":5}}],"line":16},"1":{"loc":{"start":{"line":26,"column":4},"end":{"line":34,"column":5}},"type":"if","locations":[{"start":{"line":26,"column":4},"end":{"line":34,"column":5}},{"start":{"line":26,"column":4},"end":{"line":34,"column":5}}],"line":26}},"s":{"0":3,"1":3,"2":3,"3":3,"4":3,"5":3,"6":3,"7":2},"f":{"0":3},"b":{"0":[3,0],"1":[3,0]},"_coverageSchema":"1a1c01bbd47fc00a2c39e90264f33305004495a9","hash":"192ec023da061c08d93cb5cdeae120a19eda53b1"}
,"/home/dan/Desktop/projects/recipe/src/functions/getPrintUrl.js": {"path":"/home/dan/Desktop/projects/recipe/src/functions/getPrintUrl.js","statementMap":{"0":{"start":{"line":1,"column":0},"end":{"line":4,"column":1}},"1":{"start":{"line":2,"column":30},"end":{"line":2,"column":58}},"2":{"start":{"line":3,"column":30},"end":{"line":3,"column":58}},"3":{"start":{"line":7,"column":26},"end":{"line":7,"column":47}},"4":{"start":{"line":9,"column":4},"end":{"line":25,"column":5}},"5":{"start":{"line":10,"column":8},"end":{"line":10,"column":50}},"6":{"start":{"line":11,"column":8},"end":{"line":11,"column":31}},"7":{"start":{"line":12,"column":8},"end":{"line":20,"column":9}},"8":{"start":{"line":13,"column":28},"end":{"line":13,"column":59}},"9":{"start":{"line":15,"column":13},"end":{"line":20,"column":9}},"10":{"start":{"line":16,"column":12},"end":{"line":16,"column":64}},"11":{"start":{"line":17,"column":15},"end":{"line":20,"column":9}},"12":{"start":{"line":18,"column":12},"end":{"line":18,"column":65}},"13":{"start":{"line":19,"column":12},"end":{"line":19,"column":60}},"14":{"start":{"line":21,"column":8},"end":{"line":21,"column":37}},"15":{"start":{"line":22,"column":8},"end":{"line":24,"column":9}},"16":{"start":{"line":23,"column":12},"end":{"line":23,"column":54}},"17":{"start":{"line":28,"column":0},"end":{"line":28,"column":34}}},"fnMap":{"0":{"name":"getPrintUrl","decl":{"start":{"line":6,"column":9},"end":{"line":6,"column":20}},"loc":{"start":{"line":6,"column":36},"end":{"line":26,"column":1}},"line":6}},"branchMap":{"0":{"loc":{"start":{"line":1,"column":0},"end":{"line":4,"column":1}},"type":"if","locations":[{"start":{"line":1,"column":0},"end":{"line":4,"column":1}},{"start":{"line":1,"column":0},"end":{"line":4,"column":1}}],"line":1},"1":{"loc":{"start":{"line":9,"column":4},"end":{"line":25,"column":5}},"type":"if","locations":[{"start":{"line":9,"column":4},"end":{"line":25,"column":5}},{"start":{"line":9,"column":4},"end":{"line":25,"column":5}}],"line":9},"2":{"loc":{"start":{"line":12,"column":8},"end":{"line":20,"column":9}},"type":"if","locations":[{"start":{"line":12,"column":8},"end":{"line":20,"column":9}},{"start":{"line":12,"column":8},"end":{"line":20,"column":9}}],"line":12},"3":{"loc":{"start":{"line":15,"column":13},"end":{"line":20,"column":9}},"type":"if","locations":[{"start":{"line":15,"column":13},"end":{"line":20,"column":9}},{"start":{"line":15,"column":13},"end":{"line":20,"column":9}}],"line":15},"4":{"loc":{"start":{"line":17,"column":15},"end":{"line":20,"column":9}},"type":"if","locations":[{"start":{"line":17,"column":15},"end":{"line":20,"column":9}},{"start":{"line":17,"column":15},"end":{"line":20,"column":9}}],"line":17},"5":{"loc":{"start":{"line":22,"column":8},"end":{"line":24,"column":9}},"type":"if","locations":[{"start":{"line":22,"column":8},"end":{"line":24,"column":9}},{"start":{"line":22,"column":8},"end":{"line":24,"column":9}}],"line":22}},"s":{"0":2,"1":2,"2":2,"3":3,"4":3,"5":2,"6":2,"7":2,"8":2,"9":0,"10":0,"11":0,"12":0,"13":0,"14":2,"15":2,"16":2,"17":2},"f":{"0":3},"b":{"0":[2,0],"1":[2,1],"2":[2,0],"3":[0,0],"4":[0,0],"5":[2,0]},"_coverageSchema":"1a1c01bbd47fc00a2c39e90264f33305004495a9","hash":"75f5f528ccab25efd5006aced138fe6242501161"}
,"/home/dan/Desktop/projects/recipe/src/functions/processPage.js": {"path":"/home/dan/Desktop/projects/recipe/src/functions/processPage.js","statementMap":{"0":{"start":{"line":1,"column":0},"end":{"line":5,"column":1}},"1":{"start":{"line":2,"column":26},"end":{"line":2,"column":50}},"2":{"start":{"line":3,"column":26},"end":{"line":3,"column":50}},"3":{"start":{"line":4,"column":31},"end":{"line":4,"column":60}},"4":{"start":{"line":12,"column":5},"end":{"line":35,"column":5}},"5":{"start":{"line":13,"column":38},"end":{"line":13,"column":44}},"6":{"start":{"line":14,"column":20},"end":{"line":14,"column":70}},"7":{"start":{"line":15,"column":24},"end":{"line":15,"column":49}},"8":{"start":{"line":17,"column":8},"end":{"line":26,"column":9}},"9":{"start":{"line":18,"column":12},"end":{"line":18,"column":56}},"10":{"start":{"line":20,"column":25},"end":{"line":20,"column":41}},"11":{"start":{"line":21,"column":12},"end":{"line":25,"column":13}},"12":{"start":{"line":22,"column":16},"end":{"line":22,"column":62}},"13":{"start":{"line":23,"column":16},"end":{"line":23,"column":62}},"14":{"start":{"line":24,"column":16},"end":{"line":24,"column":60}},"15":{"start":{"line":30,"column":8},"end":{"line":30,"column":24}},"16":{"start":{"line":31,"column":8},"end":{"line":34,"column":9}},"17":{"start":{"line":37,"column":0},"end":{"line":37,"column":34}}},"fnMap":{"0":{"name":"processPage","decl":{"start":{"line":7,"column":9},"end":{"line":7,"column":20}},"loc":{"start":{"line":7,"column":29},"end":{"line":36,"column":1}},"line":7}},"branchMap":{"0":{"loc":{"start":{"line":1,"column":0},"end":{"line":5,"column":1}},"type":"if","locations":[{"start":{"line":1,"column":0},"end":{"line":5,"column":1}},{"start":{"line":1,"column":0},"end":{"line":5,"column":1}}],"line":1},"1":{"loc":{"start":{"line":17,"column":8},"end":{"line":26,"column":9}},"type":"if","locations":[{"start":{"line":17,"column":8},"end":{"line":26,"column":9}},{"start":{"line":17,"column":8},"end":{"line":26,"column":9}}],"line":17},"2":{"loc":{"start":{"line":21,"column":12},"end":{"line":25,"column":13}},"type":"if","locations":[{"start":{"line":21,"column":12},"end":{"line":25,"column":13}},{"start":{"line":21,"column":12},"end":{"line":25,"column":13}}],"line":21}},"s":{"0":1,"1":1,"2":1,"3":1,"4":1,"5":1,"6":1,"7":1,"8":1,"9":0,"10":1,"11":1,"12":1,"13":1,"14":1,"15":0,"16":0,"17":1},"f":{"0":1},"b":{"0":[1,0],"1":[0,1],"2":[1,0]},"_coverageSchema":"1a1c01bbd47fc00a2c39e90264f33305004495a9","hash":"2a3e74c046a5b050a396e03cbafb532853154edb"}
,"/home/dan/Desktop/projects/recipe/tests/utils/readFile.js": {"path":"/home/dan/Desktop/projects/recipe/tests/utils/readFile.js","statementMap":{"0":{"start":{"line":1,"column":11},"end":{"line":1,"column":24}},"1":{"start":{"line":2,"column":13},"end":{"line":2,"column":28}},"2":{"start":{"line":6,"column":4},"end":{"line":6,"column":74}},"3":{"start":{"line":9,"column":0},"end":{"line":9,"column":28}}},"fnMap":{"0":{"name":"readFile","decl":{"start":{"line":5,"column":9},"end":{"line":5,"column":17}},"loc":{"start":{"line":5,"column":24},"end":{"line":7,"column":1}},"line":5}},"branchMap":{},"s":{"0":3,"1":3,"2":6,"3":3},"f":{"0":6},"b":{},"_coverageSchema":"1a1c01bbd47fc00a2c39e90264f33305004495a9","hash":"6ecc59b1fa24ad3be9b0905a86a4a4ebe7e06dee"}
}
