TN:
SF:src/functions/extractText.js
FN:1,extractText
FN:6,(anonymous_1)
FNF:2
FNH:2
FNDA:2,extractText
FNDA:10,(anonymous_1)
DA:5,2
DA:6,10
DA:7,2
DA:9,2
DA:10,2
DA:12,2
DA:13,0
DA:16,2
DA:18,2
DA:20,2
DA:21,72
DA:23,72
DA:26,2
DA:27,2
DA:29,2
LF:15
LH:14
BRDA:12,0,0,0
BRDA:12,0,1,2
BRDA:21,1,0,72
BRDA:21,1,1,0
BRF:4
BRH:2
end_of_record
TN:
SF:src/functions/generateFullUrl.js
FN:1,generateFullUrl
FNF:1
FNH:1
FNDA:4,generateFullUrl
DA:2,4
DA:4,4
DA:5,4
DA:6,4
DA:10,3
LF:5
LH:5
BRDA:4,0,0,2
BRDA:4,0,1,2
BRDA:5,1,0,4
BRDA:5,1,1,0
BRF:4
BRH:3
end_of_record
TN:
SF:src/functions/generatePageText.js
FN:1,generatePageText
FNF:1
FNH:1
FNDA:2,generatePageText
DA:2,2
DA:5,2
LF:2
LH:2
BRF:0
BRH:0
end_of_record
TN:
SF:src/functions/getPrintElement.js
FN:1,getPrintElement
FNF:1
FNH:1
FNDA:3,getPrintElement
DA:7,3
DA:16,3
DA:17,3
DA:26,3
DA:27,2
DA:30,3
DA:33,2
LF:7
LH:7
BRDA:16,0,0,3
BRDA:16,0,1,0
BRDA:26,1,0,2
BRDA:26,1,1,1
BRF:4
BRH:3
end_of_record
TN:
SF:src/functions/getPrintUrl.js
FN:6,getPrintUrl
FNF:1
FNH:1
FNDA:3,getPrintUrl
DA:1,2
DA:2,2
DA:3,2
DA:7,3
DA:9,3
DA:10,2
DA:12,2
DA:13,2
DA:15,0
DA:16,0
DA:17,0
DA:18,0
DA:19,0
DA:22,2
DA:23,2
DA:28,2
LF:16
LH:11
BRDA:1,0,0,2
BRDA:1,0,1,0
BRDA:9,1,0,2
BRDA:9,1,1,1
BRDA:12,2,0,2
BRDA:12,2,1,0
BRDA:15,3,0,0
BRDA:15,3,1,0
BRDA:17,4,0,0
BRDA:17,4,1,0
BRDA:22,5,0,2
BRDA:22,5,1,0
BRF:12
BRH:5
end_of_record
TN:
SF:src/functions/processPage.js
FN:7,processPage
FNF:1
FNH:1
FNDA:1,processPage
DA:1,1
DA:2,1
DA:3,1
DA:4,1
DA:12,1
DA:13,1
DA:14,1
DA:15,1
DA:16,1
DA:17,0
DA:19,1
DA:20,1
DA:21,1
DA:22,1
DA:23,1
DA:29,0
DA:30,0
DA:36,1
LF:18
LH:15
BRDA:1,0,0,1
BRDA:1,0,1,0
BRDA:16,1,0,0
BRDA:16,1,1,1
BRDA:20,2,0,1
BRDA:20,2,1,0
BRF:6
BRH:3
end_of_record
TN:
SF:tests/utils/readFile.js
FN:5,readFile
FNF:1
FNH:1
FNDA:6,readFile
DA:1,3
DA:2,3
DA:6,6
DA:9,3
LF:4
LH:4
BRF:0
BRH:0
end_of_record
